<?xml version="1.0" encoding="UTF-8"?>
<testsuites name="Mocha Tests" time="200.531" tests="36" failures="0">
  <testsuite name="Root Suite" timestamp="2020-07-27T09:30:36" tests="0" failures="0" time="0">
  </testsuite>
  <testsuite name="CodePush Cordova Plugin" timestamp="2020-07-27T09:30:36" tests="0" file="/Users/andreidubov/projects/cordova-plugin-code-push/bin/test/test.js" failures="0" time="0">
  </testsuite>
  <testsuite name="Tests /Users/andreidubov/projects/cordova-plugin-code-push on android" timestamp="2020-07-27T09:30:36" tests="0" file="/Users/andreidubov/projects/cordova-plugin-code-push/bin/test/test.js" failures="0" time="0">
  </testsuite>
  <testsuite name="window.codePush" timestamp="2020-07-27T09:30:36" tests="0" file="/Users/andreidubov/projects/cordova-plugin-code-push/bin/test/test.js" failures="0" time="0">
  </testsuite>
  <testsuite name="#window.codePush.checkForUpdate" timestamp="2020-07-27T09:30:36" tests="5" file="/Users/andreidubov/projects/cordova-plugin-code-push/bin/test/test.js" failures="0" time="12.53">
    <testcase name="CodePush Cordova Plugin Tests /Users/andreidubov/projects/cordova-plugin-code-push on android window.codePush #window.codePush.checkForUpdate window.codePush.checkForUpdate.noUpdate" time="3.796" classname="window.codePush.checkForUpdate.noUpdate">
    </testcase>
    <testcase name="CodePush Cordova Plugin Tests /Users/andreidubov/projects/cordova-plugin-code-push on android window.codePush #window.codePush.checkForUpdate window.codePush.checkForUpdate.sendsBinaryHash" time="2.408" classname="window.codePush.checkForUpdate.sendsBinaryHash">
    </testcase>
    <testcase name="CodePush Cordova Plugin Tests /Users/andreidubov/projects/cordova-plugin-code-push on android window.codePush #window.codePush.checkForUpdate window.codePush.checkForUpdate.noUpdate.updateAppVersion" time="2.199" classname="window.codePush.checkForUpdate.noUpdate.updateAppVersion">
    </testcase>
    <testcase name="CodePush Cordova Plugin Tests /Users/andreidubov/projects/cordova-plugin-code-push on android window.codePush #window.codePush.checkForUpdate window.codePush.checkForUpdate.update" time="2.096" classname="window.codePush.checkForUpdate.update">
    </testcase>
    <testcase name="CodePush Cordova Plugin Tests /Users/andreidubov/projects/cordova-plugin-code-push on android window.codePush #window.codePush.checkForUpdate window.codePush.checkForUpdate.error" time="2.031" classname="window.codePush.checkForUpdate.error">
    </testcase>
  </testsuite>
  <testsuite name="#window.codePush.checkForUpdate.customKey" timestamp="2020-07-27T09:30:56" tests="1" file="/Users/andreidubov/projects/cordova-plugin-code-push/bin/test/test.js" failures="0" time="2.275">
    <testcase name="CodePush Cordova Plugin Tests /Users/andreidubov/projects/cordova-plugin-code-push on android window.codePush #window.codePush.checkForUpdate.customKey window.codePush.checkForUpdate.customKey.update" time="2.275" classname="window.codePush.checkForUpdate.customKey.update">
    </testcase>
  </testsuite>
  <testsuite name="#remotePackage.download" timestamp="2020-07-27T09:31:00" tests="2" file="/Users/andreidubov/projects/cordova-plugin-code-push/bin/test/test.js" failures="0" time="7.279">
    <testcase name="CodePush Cordova Plugin Tests /Users/andreidubov/projects/cordova-plugin-code-push on android window.codePush #remotePackage.download remotePackage.download.success" time="5.235" classname="remotePackage.download.success">
    </testcase>
    <testcase name="CodePush Cordova Plugin Tests /Users/andreidubov/projects/cordova-plugin-code-push on android window.codePush #remotePackage.download remotePackage.download.error" time="2.044" classname="remotePackage.download.error">
    </testcase>
  </testsuite>
  <testsuite name="#localPackage.install" timestamp="2020-07-27T09:31:10" tests="3" file="/Users/andreidubov/projects/cordova-plugin-code-push/bin/test/test.js" failures="0" time="16.752">
    <testcase name="CodePush Cordova Plugin Tests /Users/andreidubov/projects/cordova-plugin-code-push on android window.codePush #localPackage.install localPackage.install.unzip.error" time="3.241" classname="localPackage.install.unzip.error">
    </testcase>
    <testcase name="CodePush Cordova Plugin Tests /Users/andreidubov/projects/cordova-plugin-code-push on android window.codePush #localPackage.install localPackage.install.handlesDiff.againstBinary" time="5.904" classname="localPackage.install.handlesDiff.againstBinary">
    </testcase>
    <testcase name="CodePush Cordova Plugin Tests /Users/andreidubov/projects/cordova-plugin-code-push on android window.codePush #localPackage.install localPackage.install.immediately" time="7.607" classname="localPackage.install.immediately">
    </testcase>
  </testsuite>
  <testsuite name="#localPackage.install.revert" timestamp="2020-07-27T09:31:30" tests="2" file="/Users/andreidubov/projects/cordova-plugin-code-push/bin/test/test.js" failures="0" time="15.969000000000001">
    <testcase name="CodePush Cordova Plugin Tests /Users/andreidubov/projects/cordova-plugin-code-push on android window.codePush #localPackage.install.revert localPackage.install.revert.dorevert" time="9.888" classname="localPackage.install.revert.dorevert">
    </testcase>
    <testcase name="CodePush Cordova Plugin Tests /Users/andreidubov/projects/cordova-plugin-code-push on android window.codePush #localPackage.install.revert localPackage.install.revert.norevert" time="6.081" classname="localPackage.install.revert.norevert">
    </testcase>
  </testsuite>
  <testsuite name="#localPackage.installOnNextResume" timestamp="2020-07-27T09:31:49" tests="2" file="/Users/andreidubov/projects/cordova-plugin-code-push/bin/test/test.js" failures="0" time="14.81">
    <testcase name="CodePush Cordova Plugin Tests /Users/andreidubov/projects/cordova-plugin-code-push on android window.codePush #localPackage.installOnNextResume localPackage.installOnNextResume.dorevert" time="7.463" classname="localPackage.installOnNextResume.dorevert">
    </testcase>
    <testcase name="CodePush Cordova Plugin Tests /Users/andreidubov/projects/cordova-plugin-code-push on android window.codePush #localPackage.installOnNextResume localPackage.installOnNextResume.norevert" time="7.347" classname="localPackage.installOnNextResume.norevert">
    </testcase>
  </testsuite>
  <testsuite name="#localPackage.installOnNextRestart" timestamp="2020-07-27T09:32:06" tests="3" file="/Users/andreidubov/projects/cordova-plugin-code-push/bin/test/test.js" failures="0" time="29.211">
    <testcase name="CodePush Cordova Plugin Tests /Users/andreidubov/projects/cordova-plugin-code-push on android window.codePush #localPackage.installOnNextRestart localPackage.installOnNextRestart.dorevert" time="8.139" classname="localPackage.installOnNextRestart.dorevert">
    </testcase>
    <testcase name="CodePush Cordova Plugin Tests /Users/andreidubov/projects/cordova-plugin-code-push on android window.codePush #localPackage.installOnNextRestart localPackage.installOnNextRestart.norevert" time="7.054" classname="localPackage.installOnNextRestart.norevert">
    </testcase>
    <testcase name="CodePush Cordova Plugin Tests /Users/andreidubov/projects/cordova-plugin-code-push on android window.codePush #localPackage.installOnNextRestart localPackage.installOnNextRestart.revertToPrevious" time="14.018" classname="localPackage.installOnNextRestart.revertToPrevious">
    </testcase>
  </testsuite>
  <testsuite name="#localPackage.installOnNextRestart2x" timestamp="2020-07-27T09:32:38" tests="1" file="/Users/andreidubov/projects/cordova-plugin-code-push/bin/test/test.js" failures="0" time="9.199">
    <testcase name="CodePush Cordova Plugin Tests /Users/andreidubov/projects/cordova-plugin-code-push on android window.codePush #localPackage.installOnNextRestart2x localPackage.installOnNextRestart2x.revertToFirst" time="9.199" classname="localPackage.installOnNextRestart2x.revertToFirst">
    </testcase>
  </testsuite>
  <testsuite name="#codePush.restartApplication" timestamp="2020-07-27T09:32:49" tests="1" file="/Users/andreidubov/projects/cordova-plugin-code-push/bin/test/test.js" failures="0" time="5.223">
    <testcase name="CodePush Cordova Plugin Tests /Users/andreidubov/projects/cordova-plugin-code-push on android window.codePush #codePush.restartApplication codePush.restartApplication.checkPackages" time="5.223" classname="codePush.restartApplication.checkPackages">
    </testcase>
  </testsuite>
  <testsuite name="#window.codePush.sync" timestamp="2020-07-27T09:32:57" tests="0" file="/Users/andreidubov/projects/cordova-plugin-code-push/bin/test/test.js" failures="0" time="0">
  </testsuite>
  <testsuite name="#window.codePush.sync 1x" timestamp="2020-07-27T09:32:57" tests="5" file="/Users/andreidubov/projects/cordova-plugin-code-push/bin/test/test.js" failures="0" time="17.364">
    <testcase name="CodePush Cordova Plugin Tests /Users/andreidubov/projects/cordova-plugin-code-push on android window.codePush #window.codePush.sync #window.codePush.sync 1x window.codePush.sync.noupdate" time="2.079" classname="window.codePush.sync.noupdate">
    </testcase>
    <testcase name="CodePush Cordova Plugin Tests /Users/andreidubov/projects/cordova-plugin-code-push on android window.codePush #window.codePush.sync #window.codePush.sync 1x window.codePush.sync.checkerror" time="1.95" classname="window.codePush.sync.checkerror">
    </testcase>
    <testcase name="CodePush Cordova Plugin Tests /Users/andreidubov/projects/cordova-plugin-code-push on android window.codePush #window.codePush.sync #window.codePush.sync 1x window.codePush.sync.downloaderror" time="2.067" classname="window.codePush.sync.downloaderror">
    </testcase>
    <testcase name="CodePush Cordova Plugin Tests /Users/andreidubov/projects/cordova-plugin-code-push on android window.codePush #window.codePush.sync #window.codePush.sync 1x window.codePush.sync.dorevert" time="5.236" classname="window.codePush.sync.dorevert">
    </testcase>
    <testcase name="CodePush Cordova Plugin Tests /Users/andreidubov/projects/cordova-plugin-code-push on android window.codePush #window.codePush.sync #window.codePush.sync 1x window.codePush.sync.update" time="6.032" classname="window.codePush.sync.update">
    </testcase>
  </testsuite>
  <testsuite name="#window.codePush.sync 2x" timestamp="2020-07-27T09:33:17" tests="5" file="/Users/andreidubov/projects/cordova-plugin-code-push/bin/test/test.js" failures="0" time="16.696">
    <testcase name="CodePush Cordova Plugin Tests /Users/andreidubov/projects/cordova-plugin-code-push on android window.codePush #window.codePush.sync #window.codePush.sync 2x window.codePush.sync.2x.noupdate" time="2.084" classname="window.codePush.sync.2x.noupdate">
    </testcase>
    <testcase name="CodePush Cordova Plugin Tests /Users/andreidubov/projects/cordova-plugin-code-push on android window.codePush #window.codePush.sync #window.codePush.sync 2x window.codePush.sync.2x.checkerror" time="2.015" classname="window.codePush.sync.2x.checkerror">
    </testcase>
    <testcase name="CodePush Cordova Plugin Tests /Users/andreidubov/projects/cordova-plugin-code-push on android window.codePush #window.codePush.sync #window.codePush.sync 2x window.codePush.sync.2x.downloaderror" time="2.038" classname="window.codePush.sync.2x.downloaderror">
    </testcase>
    <testcase name="CodePush Cordova Plugin Tests /Users/andreidubov/projects/cordova-plugin-code-push on android window.codePush #window.codePush.sync #window.codePush.sync 2x window.codePush.sync.2x.dorevert" time="5.364" classname="window.codePush.sync.2x.dorevert">
    </testcase>
    <testcase name="CodePush Cordova Plugin Tests /Users/andreidubov/projects/cordova-plugin-code-push on android window.codePush #window.codePush.sync #window.codePush.sync 2x window.codePush.sync.2x.update" time="5.195" classname="window.codePush.sync.2x.update">
    </testcase>
  </testsuite>
  <testsuite name="#window.codePush.sync minimum background duration tests" timestamp="2020-07-27T09:33:36" tests="3" file="/Users/andreidubov/projects/cordova-plugin-code-push/bin/test/test.js" failures="0" time="30.405">
    <testcase name="CodePush Cordova Plugin Tests /Users/andreidubov/projects/cordova-plugin-code-push on android window.codePush #window.codePush.sync #window.codePush.sync minimum background duration tests defaults to no minimum" time="7.489" classname="defaults to no minimum">
    </testcase>
    <testcase name="CodePush Cordova Plugin Tests /Users/andreidubov/projects/cordova-plugin-code-push on android window.codePush #window.codePush.sync #window.codePush.sync minimum background duration tests min background duration 5s" time="15.492" classname="min background duration 5s">
    </testcase>
    <testcase name="CodePush Cordova Plugin Tests /Users/andreidubov/projects/cordova-plugin-code-push on android window.codePush #window.codePush.sync #window.codePush.sync minimum background duration tests has no effect on restart" time="7.424" classname="has no effect on restart">
    </testcase>
  </testsuite>
  <testsuite name="#window.codePush.sync mandatory install mode tests" timestamp="2020-07-27T09:34:08" tests="3" file="/Users/andreidubov/projects/cordova-plugin-code-push/bin/test/test.js" failures="0" time="22.817999999999998">
    <testcase name="CodePush Cordova Plugin Tests /Users/andreidubov/projects/cordova-plugin-code-push on android window.codePush #window.codePush.sync #window.codePush.sync mandatory install mode tests defaults to IMMEDIATE" time="6.189" classname="defaults to IMMEDIATE">
    </testcase>
    <testcase name="CodePush Cordova Plugin Tests /Users/andreidubov/projects/cordova-plugin-code-push on android window.codePush #window.codePush.sync #window.codePush.sync mandatory install mode tests works correctly when update is mandatory and mandatory install mode is specified" time="11.138" classname="works correctly when update is mandatory and mandatory install mode is specified">
    </testcase>
    <testcase name="CodePush Cordova Plugin Tests /Users/andreidubov/projects/cordova-plugin-code-push on android window.codePush #window.codePush.sync #window.codePush.sync mandatory install mode tests has no effect on updates that are not mandatory" time="5.491" classname="has no effect on updates that are not mandatory">
    </testcase>
  </testsuite>
</testsuites>